[    0.000000] Linux version 4.15.0-210-generic (buildd@lcy02-amd64-056) (gcc version 7.5.0 (Ubuntu 7.5.0-3ubuntu1~18.04)) #221-Ubuntu SMP Tue Apr 18 08:32:52 UTC 2023 (Ubuntu 4.15.0-210.221-generic 4.15.18)
[    0.000000] Command line: BOOT_IMAGE=/boot/vmlinuz-4.15.0-210-generic root=LABEL=cloudimg-rootfs ro console=tty1 console=ttyS0
[    0.000000] KERNEL supported cpus:
[    0.000000]   Intel GenuineIntel
[    0.000000]   AMD AuthenticAMD
[    0.000000]   Centaur CentaurHauls
[    0.000000] x86/fpu: Supporting XSAVE feature 0x001: 'x87 floating point registers'
[    0.000000] x86/fpu: Supporting XSAVE feature 0x002: 'SSE registers'
[    0.000000] x86/fpu: Supporting XSAVE feature 0x004: 'AVX registers'
[    0.000000] x86/fpu: xstate_offset[2]:  576, xstate_sizes[2]:  256
[    0.000000] x86/fpu: Enabled xstate features 0x7, context size is 832 bytes, using 'standard' format.
[    0.000000] e820: BIOS-provided physical RAM map:
[    0.000000] BIOS-e820: [mem 0x0000000000000000-0x000000000009fbff] usable
[    0.000000] BIOS-e820: [mem 0x000000000009fc00-0x000000000009ffff] reserved
[    0.000000] BIOS-e820: [mem 0x00000000000f0000-0x00000000000fffff] reserved
[    0.000000] BIOS-e820: [mem 0x0000000000100000-0x000000003ffeffff] usable
[    0.000000] BIOS-e820: [mem 0x000000003fff0000-0x000000003fffffff] ACPI data
[    0.000000] BIOS-e820: [mem 0x00000000fec00000-0x00000000fec00fff] reserved
[    0.000000] BIOS-e820: [mem 0x00000000fee00000-0x00000000fee00fff] reserved
[    0.000000] BIOS-e820: [mem 0x00000000fffc0000-0x00000000ffffffff] reserved
[    0.000000] NX (Execute Disable) protection: active
[    0.000000] SMBIOS 2.5 present.
[    0.000000] DMI: innotek GmbH VirtualBox/VirtualBox, BIOS VirtualBox 12/01/2006
[    0.000000] Hypervisor detected: KVM
[    0.000000] e820: last_pfn = 0x3fff0 max_arch_pfn = 0x400000000
[    0.000000] MTRR: Disabled
[    0.000000] x86/PAT: MTRRs disabled, skipping PAT initialization too.
[    0.000000] CPU MTRRs all blank - virtualized system.
[    0.000000] x86/PAT: Configuration [0-7]: WB  WT  UC- UC  WB  WT  UC- UC  
[    0.000000] found SMP MP-table at [mem 0x0009fff0-0x0009ffff]
[    0.000000] Scanning 1 areas for low memory corruption
[    0.000000] RAMDISK: [mem 0x359c9000-0x36cdbfff]
[    0.000000] ACPI: Early table checksum verification disabled
[    0.000000] ACPI: RSDP 0x00000000000E0000 000024 (v02 VBOX  )
[    0.000000] ACPI: XSDT 0x000000003FFF0030 00003C (v01 VBOX   VBOXXSDT 00000001 ASL  00000061)
[    0.000000] ACPI: FACP 0x000000003FFF00F0 0000F4 (v04 VBOX   VBOXFACP 00000001 ASL  00000061)
[    0.000000] ACPI: DSDT 0x000000003FFF0610 002353 (v02 VBOX   VBOXBIOS 00000002 INTL 20100528)
[    0.000000] ACPI: FACS 0x000000003FFF0200 000040
[    0.000000] ACPI: FACS 0x000000003FFF0200 000040
[    0.000000] ACPI: APIC 0x000000003FFF0240 00005C (v02 VBOX   VBOXAPIC 00000001 ASL  00000061)
[    0.000000] ACPI: SSDT 0x000000003FFF02A0 00036C (v01 VBOX   VBOXCPUT 00000002 INTL 20100528)
[    0.000000] ACPI: Reserving FACP table memory at [mem 0x3fff00f0-0x3fff01e3]
[    0.000000] ACPI: Reserving DSDT table memory at [mem 0x3fff0610-0x3fff2962]
[    0.000000] ACPI: Reserving FACS table memory at [mem 0x3fff0200-0x3fff023f]
[    0.000000] ACPI: Reserving FACS table memory at [mem 0x3fff0200-0x3fff023f]
[    0.000000] ACPI: Reserving APIC table memory at [mem 0x3fff0240-0x3fff029b]
[    0.000000] ACPI: Reserving SSDT table memory at [mem 0x3fff02a0-0x3fff060b]
[    0.000000] No NUMA configuration found
[    0.000000] Faking a node at [mem 0x0000000000000000-0x000000003ffeffff]
[    0.000000] NODE_DATA(0) allocated [mem 0x3ffc5000-0x3ffeffff]
[    0.000000] kvm-clock: cpu 0, msr 0:3ff44001, primary cpu clock
[    0.000000] kvm-clock: Using msrs 4b564d01 and 4b564d00
[    0.000000] kvm-clock: using sched offset of 3929620425 cycles
[    0.000000] clocksource: kvm-clock: mask: 0xffffffffffffffff max_cycles: 0x1cd42e4dffb, max_idle_ns: 881590591483 ns
[    0.000000] Zone ranges:
[    0.000000]   DMA      [mem 0x0000000000001000-0x0000000000ffffff]
[    0.000000]   DMA32    [mem 0x0000000001000000-0x000000003ffeffff]
[    0.000000]   Normal   empty
[    0.000000]   Device   empty
[    0.000000] Movable zone start for each node
[    0.000000] Early memory node ranges
[    0.000000]   node   0: [mem 0x0000000000001000-0x000000000009efff]
[    0.000000]   node   0: [mem 0x0000000000100000-0x000000003ffeffff]
[    0.000000] Reserved but unavailable: 104 pages
[    0.000000] Initmem setup node 0 [mem 0x0000000000001000-0x000000003ffeffff]
[    0.000000] ACPI: PM-Timer IO Port: 0x4008
[    0.000000] IOAPIC[0]: apic_id 2, version 32, address 0xfec00000, GSI 0-23
[    0.000000] ACPI: INT_SRC_OVR (bus 0 bus_irq 0 global_irq 2 dfl dfl)
[    0.000000] ACPI: INT_SRC_OVR (bus 0 bus_irq 9 global_irq 9 low level)
[    0.000000] Using ACPI (MADT) for SMP configuration information
[    0.000000] smpboot: Allowing 2 CPUs, 0 hotplug CPUs
[    0.000000] PM: Registered nosave memory: [mem 0x00000000-0x00000fff]
[    0.000000] PM: Registered nosave memory: [mem 0x0009f000-0x0009ffff]
[    0.000000] PM: Registered nosave memory: [mem 0x000a0000-0x000effff]
[    0.000000] PM: Registered nosave memory: [mem 0x000f0000-0x000fffff]
[    0.000000] e820: [mem 0x40000000-0xfebfffff] available for PCI devices
[    0.000000] Booting paravirtualized kernel on KVM
[    0.000000] clocksource: refined-jiffies: mask: 0xffffffff max_cycles: 0xffffffff, max_idle_ns: 7645519600211568 ns
[    0.000000] setup_percpu: NR_CPUS:8192 nr_cpumask_bits:2 nr_cpu_ids:2 nr_node_ids:1
[    0.000000] percpu: Embedded 50 pages/cpu s167936 r8192 d28672 u1048576
[    0.000000] PV qspinlock hash table entries: 256 (order: 0, 4096 bytes)
[    0.000000] Built 1 zonelists, mobility grouping on.  Total pages: 257913
[    0.000000] Policy zone: DMA32
[    0.000000] Kernel command line: BOOT_IMAGE=/boot/vmlinuz-4.15.0-210-generic root=LABEL=cloudimg-rootfs ro console=tty1 console=ttyS0
[    0.000000] Memory: 982640K/1048120K available (12300K kernel code, 2477K rwdata, 4324K rodata, 2480K init, 2720K bss, 65480K reserved, 0K cma-reserved)
[    0.000000] SLUB: HWalign=64, Order=0-3, MinObjects=0, CPUs=2, Nodes=1
[    0.000000] Kernel/User page tables isolation: enabled
[    0.000000] ftrace: allocating 39506 entries in 155 pages
[    0.004000] Hierarchical RCU implementation.
[    0.004000] 	RCU restricting CPUs from NR_CPUS=8192 to nr_cpu_ids=2.
[    0.004000] 	Tasks RCU enabled.
[    0.004000] RCU: Adjusting geometry for rcu_fanout_leaf=16, nr_cpu_ids=2
[    0.004000] NR_IRQS: 524544, nr_irqs: 440, preallocated irqs: 16
[    0.004000] random: crng init done
[    0.004000] Console: colour VGA+ 80x25
[    0.004000] console [tty1] enabled
[    0.004000] console [ttyS0] enabled
[    0.004000] ACPI: Core revision 20170831
[    0.004000] ACPI: 2 ACPI AML tables successfully acquired and loaded
[    0.004000] APIC: Switch to symmetric I/O mode setup
[    0.004000] x2apic enabled
[    0.004000] Switched APIC routing to physical x2apic.
[    0.007647] ..TIMER: vector=0x30 apic1=0 pin1=2 apic2=-1 pin2=-1
[    0.008004] tsc: Detected 3192.622 MHz processor
[    0.009284] Calibrating delay loop (skipped) preset value.. 6385.24 BogoMIPS (lpj=12770488)
[    0.012007] pid_max: default: 32768 minimum: 301
[    0.016075] Security Framework initialized
[    0.017362] Yama: becoming mindful.
[    0.018600] AppArmor: AppArmor initialized
[    0.020000] Dentry cache hash table entries: 131072 (order: 8, 1048576 bytes)
[    0.020128] Inode-cache hash table entries: 65536 (order: 7, 524288 bytes)
[    0.024035] Mount-cache hash table entries: 2048 (order: 2, 16384 bytes)
[    0.025903] Mountpoint-cache hash table entries: 2048 (order: 2, 16384 bytes)
[    0.028498] Last level iTLB entries: 4KB 1024, 2MB 1024, 4MB 1024
[    0.030222] Last level dTLB entries: 4KB 1024, 2MB 1024, 4MB 1024, 1GB 4
[    0.032006] Spectre V1 : Mitigation: usercopy/swapgs barriers and __user pointer sanitization
[    0.034388] Spectre V2 : Mitigation: Retpolines
[    0.036003] Spectre V2 : Spectre v2 / SpectreRSB mitigation: Filling RSB on context switch
[    0.038361] Spectre V2 : Spectre v2 / SpectreRSB : Filling RSB on VMEXIT
[    0.040002] Speculative Store Bypass: Vulnerable
[    0.041379] MDS: Mitigation: Clear CPU buffers
[    0.042710] MMIO Stale Data: Unknown: No mitigations
[    0.044003] SRBDS: Unknown: Dependent on hypervisor status
[    0.046006] Freeing SMP alternatives memory: 36K
[    0.158751] smpboot: CPU0: Intel(R) Core(TM) i5-4570 CPU @ 3.20GHz (family: 0x6, model: 0x3c, stepping: 0x3)
[    0.160000] Performance Events: unsupported p6 CPU model 60 no PMU driver, software events only.
[    0.160044] Hierarchical SRCU implementation.
[    0.162001] NMI watchdog: Perf event create on CPU 0 failed with -2
[    0.164003] NMI watchdog: Perf NMI watchdog permanently disabled
[    0.165652] smp: Bringing up secondary CPUs ...
[    0.168179] x86: Booting SMP configuration:
[    0.169576] .... node  #0, CPUs:      #1
[    0.004000] kvm-clock: cpu 1, msr 0:3ff44041, secondary cpu clock
[    0.176024] smp: Brought up 1 node, 2 CPUs
[    0.177486] smpboot: Max logical packages: 1
[    0.179014] smpboot: Total of 2 processors activated (12770.48 BogoMIPS)
[    0.180192] devtmpfs: initialized
[    0.181333] x86/mm: Memory block size: 128MB
[    0.184405] evm: security.selinux
[    0.185598] evm: security.SMACK64
[    0.186896] evm: security.SMACK64EXEC
[    0.188003] evm: security.SMACK64TRANSMUTE
[    0.189183] evm: security.SMACK64MMAP
[    0.190286] evm: security.apparmor
[    0.191307] evm: security.ima
[    0.192002] evm: security.capability
[    0.193118] clocksource: jiffies: mask: 0xffffffff max_cycles: 0xffffffff, max_idle_ns: 7645041785100000 ns
[    0.196015] futex hash table entries: 512 (order: 3, 32768 bytes)
[    0.197711] pinctrl core: initialized pinctrl subsystem
[    0.200201] RTC time:  9:06:45, date: 09/19/23
[    0.201724] NET: Registered protocol family 16
[    0.204207] audit: initializing netlink subsys (disabled)
[    0.205734] audit: type=2000 audit(1695114410.383:1): state=initialized audit_enabled=0 res=1
[    0.208020] cpuidle: using governor ladder
[    0.209508] cpuidle: using governor menu
[    0.210778] ACPI: bus type PCI registered
[    0.212004] acpiphp: ACPI Hot Plug PCI Controller Driver version: 0.5
[    0.213847] PCI: Using configuration type 1 for base access
[    0.218702] HugeTLB registered 2.00 MiB page size, pre-allocated 0 pages
[    0.220060] ACPI: Added _OSI(Module Device)
[    0.221269] ACPI: Added _OSI(Processor Device)
[    0.224006] ACPI: Added _OSI(3.0 _SCP Extensions)
[    0.225315] ACPI: Added _OSI(Processor Aggregator Device)
[    0.226760] ACPI: Added _OSI(Linux-Dell-Video)
[    0.228012] ACPI: Added _OSI(Linux-Lenovo-NV-HDMI-Audio)
[    0.229458] ACPI: Added _OSI(Linux-HPI-Hybrid-Graphics)
[    0.232443] ACPI: Executed 1 blocks of module-level executable AML code
[    0.246307] ACPI: Interpreter enabled
[    0.248032] ACPI: (supports S0 S5)
[    0.249153] ACPI: Using IOAPIC for interrupt routing
[    0.251339] PCI: Using host bridge windows from ACPI; if necessary, use "pci=nocrs" and report a bug
[    0.252448] ACPI: Enabled 2 GPEs in block 00 to 07
[    0.275026] ACPI: PCI Root Bridge [PCI0] (domain 0000 [bus 00-ff])
[    0.276018] acpi PNP0A03:00: _OSC: OS supports [ASPM ClockPM Segments MSI]
[    0.281061] acpi PNP0A03:00: _OSC: not requesting OS control; OS requires [ExtendedConfig ASPM ClockPM MSI]
[    0.284053] acpi PNP0A03:00: fail to add MMCONFIG information, can't access extended PCI configuration space under this bridge.
[    0.288899] PCI host bridge to bus 0000:00
[    0.290347] pci_bus 0000:00: root bus resource [io  0x0000-0x0cf7 window]
[    0.292000] pci_bus 0000:00: root bus resource [io  0x0d00-0xffff window]
[    0.292006] pci_bus 0000:00: root bus resource [mem 0x000a0000-0x000bffff window]
[    0.296005] pci_bus 0000:00: root bus resource [mem 0x40000000-0xfdffffff window]
[    0.300007] pci_bus 0000:00: root bus resource [bus 00-ff]
[    0.306149] pci 0000:00:01.1: legacy IDE quirk: reg 0x10: [io  0x01f0-0x01f7]
[    0.308006] pci 0000:00:01.1: legacy IDE quirk: reg 0x14: [io  0x03f6]
[    0.310052] pci 0000:00:01.1: legacy IDE quirk: reg 0x18: [io  0x0170-0x0177]
[    0.312005] pci 0000:00:01.1: legacy IDE quirk: reg 0x1c: [io  0x0376]
[    0.332888] pci 0000:00:07.0: quirk: [io  0x4000-0x403f] claimed by PIIX4 ACPI
[    0.335014] pci 0000:00:07.0: quirk: [io  0x4100-0x410f] claimed by PIIX4 SMB
[    0.350755] ACPI: PCI Interrupt Link [LNKA] (IRQs 5 9 10 *11)
[    0.352864] ACPI: PCI Interrupt Link [LNKB] (IRQs 5 9 *10 11)
[    0.354756] ACPI: PCI Interrupt Link [LNKC] (IRQs 5 *9 10 11)
[    0.356282] ACPI: PCI Interrupt Link [LNKD] (IRQs 5 9 10 *11)
[    0.358779] SCSI subsystem initialized
[    0.360061] pci 0000:00:02.0: vgaarb: setting as boot VGA device
[    0.361656] pci 0000:00:02.0: vgaarb: VGA device added: decodes=io+mem,owns=io+mem,locks=none
[    0.364007] pci 0000:00:02.0: vgaarb: bridge control possible
[    0.365568] vgaarb: loaded
[    0.366533] ACPI: bus type USB registered
[    0.368033] usbcore: registered new interface driver usbfs
[    0.369533] usbcore: registered new interface driver hub
[    0.371034] usbcore: registered new device driver usb
[    0.372064] EDAC MC: Ver: 3.0.0
[    0.373306] PCI: Using ACPI for IRQ routing
[    0.376428] NetLabel: Initializing
[    0.377423] NetLabel:  domain hash size = 128
[    0.378663] NetLabel:  protocols = UNLABELED CIPSOv4 CALIPSO
[    0.380029] NetLabel:  unlabeled traffic allowed by default
[    0.381667] clocksource: Switched to clocksource kvm-clock
[    0.411926] VFS: Disk quotas dquot_6.6.0
[    0.413248] VFS: Dquot-cache hash table entries: 512 (order 0, 4096 bytes)
[    0.415379] AppArmor: AppArmor Filesystem Enabled
[    0.416821] pnp: PnP ACPI init
[    0.420468] pnp: PnP ACPI: found 3 devices
[    0.430616] clocksource: acpi_pm: mask: 0xffffff max_cycles: 0xffffff, max_idle_ns: 2085701024 ns
[    0.433410] NET: Registered protocol family 2
[    0.434730] IP idents hash table entries: 16384 (order: 5, 131072 bytes)
[    0.437769] TCP established hash table entries: 8192 (order: 4, 65536 bytes)
[    0.439656] TCP bind hash table entries: 8192 (order: 5, 131072 bytes)
[    0.441537] TCP: Hash tables configured (established 8192 bind 8192)
[    0.443298] UDP hash table entries: 512 (order: 2, 16384 bytes)
[    0.444897] UDP-Lite hash table entries: 512 (order: 2, 16384 bytes)
[    0.446686] NET: Registered protocol family 1
[    0.447974] pci 0000:00:00.0: Limiting direct PCI/PCI transfers
[    0.449603] pci 0000:00:01.0: Activating ISA DMA hang workarounds
[    0.451273] pci 0000:00:02.0: Video device with shadowed ROM at [mem 0x000c0000-0x000dffff]
[    0.453797] Unpacking initramfs...
[    1.020302] Freeing initrd memory: 19532K
[    1.021870] clocksource: tsc: mask: 0xffffffffffffffff max_cycles: 0x2e051065680, max_idle_ns: 440795297223 ns
[    1.024728] platform rtc_cmos: registered platform RTC device (no PNP device found)
[    1.027217] Scanning for low memory corruption every 60 seconds
[    1.029480] Initialise system trusted keyrings
[    1.030721] Key type blacklist registered
[    1.032137] workingset: timestamp_bits=36 max_order=18 bucket_order=0
[    1.036294] zbud: loaded
[    1.037553] squashfs: version 4.0 (2009/01/31) Phillip Lougher
[    1.039846] fuse init (API version 7.26)
[    1.043334] Key type asymmetric registered
[    1.044581] Asymmetric key parser 'x509' registered
[    1.045959] Block layer SCSI generic (bsg) driver version 0.4 loaded (major 246)
[    1.048201] io scheduler noop registered
[    1.049510] io scheduler deadline registered
[    1.050788] io scheduler cfq registered (default)
[    1.052494] ACPI: AC Adapter [AC] (on-line)
[    1.053912] input: Power Button as /devices/LNXSYSTM:00/LNXPWRBN:00/input/input0
[    1.056075] ACPI: Power Button [PWRF]
[    1.057239] input: Sleep Button as /devices/LNXSYSTM:00/LNXSLPBN:00/input/input1
[    1.059330] ACPI: Sleep Button [SLPF]
[    1.060842] Serial: 8250/16550 driver, 32 ports, IRQ sharing enabled
[    1.083783] 00:02: ttyS0 at I/O 0x3f8 (irq = 4, base_baud = 115200) is a 16550A
[    1.088850] Linux agpgart interface v0.103
[    1.092376] loop: module loaded
[    1.094362] scsi host0: ata_piix
[    1.095463] scsi host1: ata_piix
[    1.096573] ata1: PATA max UDMA/33 cmd 0x1f0 ctl 0x3f6 bmdma 0xd000 irq 14
[    1.098372] ata2: PATA max UDMA/33 cmd 0x170 ctl 0x376 bmdma 0xd008 irq 15
[    1.100575] tun: Universal TUN/TAP device driver, 1.6
[    1.102056] PPP generic driver version 2.4.2
[    1.103349] ehci_hcd: USB 2.0 'Enhanced' Host Controller (EHCI) Driver
[    1.105306] ehci-pci: EHCI PCI platform driver
[    1.106599] ehci-platform: EHCI generic platform driver
[    1.108049] ohci_hcd: USB 1.1 'Open' Host Controller (OHCI) Driver
[    1.109740] ohci-pci: OHCI PCI platform driver
[    1.110993] ohci-platform: OHCI generic platform driver
[    1.112468] uhci_hcd: USB Universal Host Controller Interface driver
[    1.114459] i8042: PNP: PS/2 Controller [PNP0303:PS2K,PNP0f03:PS2M] at 0x60,0x64 irq 1,12
[    1.117502] serio: i8042 KBD port at 0x60,0x64 irq 1
[    1.119029] serio: i8042 AUX port at 0x60,0x64 irq 12
[    1.120604] mousedev: PS/2 mouse device common for all mice
[    1.122805] input: AT Translated Set 2 keyboard as /devices/platform/i8042/serio0/input/input2
[    1.125574] rtc_cmos rtc_cmos: rtc core: registered rtc_cmos as rtc0
[    1.127704] rtc_cmos rtc_cmos: alarms up to one day, 114 bytes nvram
[    1.129517] i2c /dev entries driver
[    1.130606] device-mapper: uevent: version 1.0.3
[    1.132089] device-mapper: ioctl: 4.37.0-ioctl (2017-09-20) initialised: dm-devel@redhat.com
[    1.134424] ledtrig-cpu: registered to indicate activity on CPUs
[    1.136493] NET: Registered protocol family 10
[    1.142096] Segment Routing with IPv6
[    1.143322] NET: Registered protocol family 17
[    1.144685] Key type dns_resolver registered
[    1.150107] mce: Using 0 MCE banks
[    1.151493] RAS: Correctable Errors collector initialized.
[    1.153093] sched_clock: Marking stable (1153051105, 0)->(1440832865, -287781760)
[    1.155662] registered taskstats version 1
[    1.156883] Loading compiled-in X.509 certificates
[    1.160353] Loaded X.509 cert 'Build time autogenerated kernel key: 53bf99db7da04c05fe17f7beec9ce15c83db2223'
[    1.164001] Loaded X.509 cert 'Canonical Ltd. Live Patch Signing: 14df34d1a87cf37625abec039ef2bf521249b969'
[    1.167841] Loaded X.509 cert 'Canonical Ltd. Kernel Module Signing: 88f752e560a1e0737e31163a466ad7b70a850c19'
[    1.170678] blacklist: Loading compiled-in revocation X.509 certificates
[    1.172530] Loaded X.509 cert 'Canonical Ltd. Secure Boot Signing: 61482aa2830d0ab2ad5af10b7250da9033ddcef0'
[    1.175246] Loaded X.509 cert 'Canonical Ltd. Secure Boot Signing (2017): 242ade75ac4a15e50d50c84b0d45ff3eae707a03'
[    1.178101] Loaded X.509 cert 'Canonical Ltd. Secure Boot Signing (ESM 2018): 365188c1d374d6b07c3c8f240f8ef722433d6a8b'
[    1.181261] Loaded X.509 cert 'Canonical Ltd. Secure Boot Signing (2019): c0746fd6c5da3ae827864651ad66ae47fe24b3e8'
[    1.184219] Loaded X.509 cert 'Canonical Ltd. Secure Boot Signing (2021 v1): a8d54bbb3825cfb94fa13c9f8a594a195c107b8d'
[    1.187116] Loaded X.509 cert 'Canonical Ltd. Secure Boot Signing (2021 v2): 4cf046892d6fd3c9a5b03f98d845f90851dc6a8c'
[    1.190041] Loaded X.509 cert 'Canonical Ltd. Secure Boot Signing (2021 v3): 100437bb6de6e469b581e61cd66bce3ef4ed53af'
[    1.193106] Loaded X.509 cert 'Canonical Ltd. Secure Boot Signing (Ubuntu Core 2019): c1d57b8f6b743f23ee41f4f7ee292f06eecadfb9'
[    1.196157] zswap: loaded using pool lzo/zbud
[    1.201743] Key type big_key registered
[    1.203103] Key type trusted registered
[    1.207028] Key type encrypted registered
[    1.208339] AppArmor: AppArmor sha1 policy hashing enabled
[    1.209835] ima: No TPM chip found, activating TPM-bypass! (rc=-19)
[    1.211524] ima: Allocated hash algorithm: sha1
[    1.212897] evm: HMAC attrs: 0x1
[    1.214512]   Magic number: 7:464:121
[    1.215707] rtc_cmos rtc_cmos: setting system clock to 2023-09-19 09:06:46 UTC (1695114406)
[    1.218146] BIOS EDD facility v0.16 2004-Jun-25, 0 devices found
[    1.219748] EDD information not available.
[    1.293168] Freeing unused kernel image memory: 2480K
[    1.300499] Write protecting the kernel read-only data: 20480k
[    1.303859] Freeing unused kernel image memory: 2008K
[    1.305859] Freeing unused kernel image memory: 1820K
[    1.338760] x86/mm: Checked W+X mappings: passed, no W+X pages found.
[    1.341172] x86/mm: Checking user space page tables
[    1.365572] x86/mm: Checked W+X mappings: passed, no W+X pages found.
Loading, please wait...
starting version 237
[    1.471912] Fusion MPT base driver 3.04.20
[    1.473382] Copyright (c) 1999-2008 LSI Corporation
[    1.475264] e1000: Intel(R) PRO/1000 Network Driver - version 7.3.21-k8-NAPI
[    1.477310] e1000: Copyright (c) 1999-2006 Intel Corporation.
[    1.487105] Fusion MPT SPI Host driver 3.04.20
[    1.503572] AVX2 version of gcm_enc/dec engaged.
[    1.505264] AES CTR mode by8 optimization enabled
[    1.686236] input: ImExPS/2 Generic Explorer Mouse as /devices/platform/i8042/serio1/input/input4
[    1.934848] e1000 0000:00:03.0 eth0: (PCI:33MHz:32-bit) 02:3e:6f:b6:28:d7
[    1.940320] e1000 0000:00:03.0 eth0: Intel(R) PRO/1000 Network Connection
[    1.951024] mptbase: ioc0: Initiating bringup
[    2.062318] ioc0: LSI53C1030 A0: Capabilities={Initiator}
[    2.322571] scsi host2: ioc0: LSI53C1030 A0, FwRev=00000000h, Ports=1, MaxQ=256, IRQ=20
[    2.500604] scsi 2:0:0:0: Direct-Access     VBOX     HARDDISK         1.0  PQ: 0 ANSI: 5
[    2.556019] scsi target2:0:0: Beginning Domain Validation
[    2.559443] scsi target2:0:0: Domain Validation skipping write tests
[    2.561291] scsi target2:0:0: Ending Domain Validation
[    2.562881] scsi target2:0:0: asynchronous
[    2.564802] scsi 2:0:1:0: Direct-Access     VBOX     HARDDISK         1.0  PQ: 0 ANSI: 5
[    2.920713] scsi target2:0:1: Beginning Domain Validation
[    2.923428] scsi target2:0:1: Domain Validation skipping write tests
[    2.925198] scsi target2:0:1: Ending Domain Validation
[    2.926762] scsi target2:0:1: asynchronous
[    2.933770] sd 2:0:0:0: [sda] 83886080 512-byte logical blocks: (42.9 GB/40.0 GiB)
[    2.936174] sd 2:0:0:0: [sda] Write Protect is off
[    2.937796] sd 2:0:0:0: [sda] Incomplete mode parameter data
[    2.939608] sd 2:0:0:0: [sda] Assuming drive cache: write through
[    2.946482] sd 2:0:0:0: Attached scsi generic sg0 type 0
[    2.949683] sd 2:0:1:0: [sdb] 20480 512-byte logical blocks: (10.5 MB/10.0 MiB)
[    2.949903] sd 2:0:1:0: Attached scsi generic sg1 type 0
[    2.952564] e1000 0000:00:08.0 eth1: (PCI:33MHz:32-bit) 08:00:27:73:6a:f6
[    2.952569] e1000 0000:00:08.0 eth1: Intel(R) PRO/1000 Network Connection
[    2.952608] sd 2:0:1:0: [sdb] Write Protect is off
[    2.959910] sd 2:0:1:0: [sdb] Incomplete mode parameter data
[    2.961908]  sda: sda1
[    2.962563] sd 2:0:0:0: [sda] Attached SCSI disk
[    2.963105] sd 2:0:1:0: [sdb] Assuming drive cache: write through
[    2.982437] sd 2:0:1:0: [sdb] Attached SCSI disk
[    2.985329] e1000 0000:00:08.0 enp0s8: renamed from eth1
[    3.002369] e1000 0000:00:03.0 enp0s3: renamed from eth0
Begin: Loading essential drivers ... [    5.004028] raid6: sse2x1   gen()  3051 MB/s
[    5.052052] raid6: sse2x1   xor()  1958 MB/s
[    5.100050] raid6: sse2x2   gen()  6852 MB/s
[    5.148046] raid6: sse2x2   xor()  3017 MB/s
[    5.196034] raid6: sse2x4   gen()  7614 MB/s
[    5.244007] raid6: sse2x4   xor()  4560 MB/s
[    5.292024] raid6: avx2x1   gen()  6086 MB/s
[    5.340039] raid6: avx2x1   xor()  3279 MB/s
[    5.388050] raid6: avx2x2   gen() 11731 MB/s
[    5.436036] raid6: avx2x2   xor()  5931 MB/s
[    5.484042] raid6: avx2x4   gen() 15765 MB/s
[    5.532028] raid6: avx2x4   xor()  9096 MB/s
[    5.533472] raid6: using algorithm avx2x4 gen() 15765 MB/s
[    5.534969] raid6: .... xor() 9096 MB/s, rmw enabled
[    5.536360] raid6: using avx2x2 recovery algorithm
[    5.540377] xor: automatically using best checksumming function   avx       
[    5.543506] async_tx: api initialized (async)
done.
Begin: Running /scripts/init-premount ... done.
Begin: Mounting root file system ... Begin: Running /scripts/local-top ... done.
Begin: Running /scripts/local-premount ... [    5.627582] Btrfs loaded, crc32c=crc32c-intel
Scanning for Btrfs filesystems
done.
Warning: fsck not present, so skipping root file system
[    5.673910] EXT4-fs (sda1): mounted filesystem with ordered data mode. Opts: (null)
done.
Begin: Running /scripts/local-bottom ... done.
Begin: Running /scripts/init-bottom ... done.
[    5.993644] ip_tables: (C) 2000-2006 Netfilter Core Team
[    6.015019] systemd[1]: systemd 237 running in system mode. (+PAM +AUDIT +SELINUX +IMA +APPARMOR +SMACK +SYSVINIT +UTMP +LIBCRYPTSETUP +GCRYPT +GNUTLS +ACL +XZ +LZ4 +SECCOMP +BLKID +ELFUTILS +KMOD -IDN2 +IDN -PCRE2 default-hierarchy=hybrid)
[    6.021002] systemd[1]: Detected virtualization oracle.
[    6.022522] systemd[1]: Detected architecture x86-64.

Welcome to [1mUbuntu 18.04.6 LTS[0m!

[    6.031322] systemd[1]: Set hostname to <ubuntu>.
[    6.036711] systemd[1]: Initializing machine ID from random generator.
[    6.039374] systemd[1]: Installed transient /etc/machine-id file.
[    6.435880] systemd[1]: Set up automount Arbitrary Executable File Formats File System Automount Point.
[[0;32m  OK  [0m] Set up automount Arbitrary Executab…rmats File System Automount Point.
[    6.442621] systemd[1]: Created slice User and Session Slice.
[[0;32m  OK  [0m] Created slice User and Session Slice.
[    6.445449] systemd[1]: Reached target Swap.
[[0;32m  OK  [0m] Reached target Swap.
[    6.447594] systemd[1]: Reached target Mounting snaps.
[[0;32m  OK  [0m] Reached target Mounting snaps.
[[0;32m  OK  [0m] Reached target Mounted snaps.
[[0;32m  OK  [0m] Started Forward Password Requests to Wall Directory Watch.
[[0;32m  OK  [0m] Created slice System Slice.
[[0;32m  OK  [0m] Listening on Network Service Netlink Socket.
[[0;32m  OK  [0m] Listening on LVM2 metadata daemon socket.
[[0;32m  OK  [0m] Listening on Journal Socket.
         Mounting POSIX Message Queue File System...
         Starting Uncomplicated firewall...
         Starting Create list of required st…ce nodes for the current kernel...
         Mounting Huge Pages File System...
[[0;32m  OK  [0m] Listening on LVM2 poll daemon socket.
         Starting Set the console keyboard layout...
         Mounting Kernel Debug File System...
[[0;32m  OK  [0m] Listening on Device-mapper event daemon FIFOs.
[[0;32m  OK  [0m] Listening on Journal Socket (/dev/log).
[[0;32m  OK  [0m] Listening on fsck to fsckd communication Socket.
         Starting Monitoring of LVM2 mirrors…ng dmeventd or progress polling...
[[0;32m  OK  [0m] Listening on udev Control Socket.
[[0;32m  OK  [0m] Listening on Syslog Socket.
[[0;32m  OK  [0m] Listening on Journal Audit Socket.
         Starting Journal Service...
         Starting File System Check on Root Device...
[[0;32m  OK  [0m] Listening on /dev/initctl Compatibility Named Pipe.
[[0;32m  OK  [0m] Reached target User and Group Name Lookups.
[[0;32m  OK  [0m] Reached target Slices.
[[0;32m  OK  [0m] Reached target System Time Synchronized.
[[0;32m  OK  [0m] Created slice system-serial\x2dgetty.slice.
[[0;32m  OK  [0m] Listening on udev Kernel Socket.
         Starting udev Coldplug all Devices...
         Starting Load Kernel Modules...
[[0;32m  OK  [0m] Mounted POSIX Message Queue File System.
[[0;32m  OK  [0m] Started Uncomplicated firewall.
[[0;32m  OK  [0m] Started Create list of required sta…vice nodes for the current kernel.
[[0;32m  OK  [0m] Mounted Huge Pages File System.
[[0;32m  OK  [0m] Mounted Kernel Debug File System.
[[0;32m  OK  [0m] Started File System Check Daemon to report status.
         Starting Create Static Device Nodes in /dev...
[[0;32m  OK  [0m] Started Journal Service.
[    6.611775] Loading iSCSI transport class v2.0-870.
[    6.623352] iscsi: registered transport (tcp)
[[0;32m  OK  [0m] Started udev Coldplug all Devices.
[    6.655340] iscsi: registered transport (iser)
[[0;32m  OK  [0m] Started Load Kernel Modules.
         Mounting Kernel Configuration File System...
         Mounting FUSE Control File System...
         Starting Apply Kernel Variables...
[[0;32m  OK  [0m] Mounted Kernel Configuration File System.
[[0;32m  OK  [0m] Mounted FUSE Control File System.
[[0;32m  OK  [0m] Started Create Static Device Nodes in /dev.
[[0;32m  OK  [0m] Started File System Check on Root Device.
         Starting Remount Root and Kernel File Systems...
[[0;32m  OK  [0m] Started LVM2 metadata daemon.
[[0;32m  OK  [0m] Started Apply Kernel Variables.
[[0;32m  OK  [0m] Started Remount Root and Kernel File Systems.
         Starting Flush Journal to Persistent Storage...
         Starting Load/Save Random Seed...
         Starting udev Kernel Device Manager...
[[0;32m  OK  [0m] Started Monitoring of LVM2 mirrors,…sing dmeventd or progress polling.
[[0;32m  OK  [0m] Started Load/Save Random Seed.
[[0;32m  OK  [0m] Started udev Kernel Device Manager.
[[0;32m  OK  [0m] Started Flush Journal to Persistent Storage.
[[0;32m  OK  [0m] Started Set the console keyboard layout.
[[0;32m  OK  [0m] Reached target Local File Systems (Pre).
[[0;32m  OK  [0m] Reached target Local File Systems.
         Starting Commit a transient machine-id on disk...
         Starting ebtables ruleset management...
         Starting Create Volatile Files and Directories...
         Starting Set console font and keymap...
         Starting AppArmor initialization...
         Starting Tell Plymouth To Write Out Runtime Data...
[[0;32m  OK  [0m] Started Dispatch Password Requests to Console Directory Watch.
[[0;32m  OK  [0m] Reached target Local Encrypted Volumes.
[[0;32m  OK  [0m] Started Set console font and keymap.
[[0;32m  OK  [0m] Started Tell Plymouth To Write Out Runtime Data.
[[0;32m  OK  [0m] Started Commit a transient machine-id on disk.
[[0;32m  OK  [0m] Started Create Volatile Files and Directories.
         Starting Update UTMP about System Boot/Shutdown...
[[0;32m  OK  [0m] Started Update UTMP about System Boot/Shutdown.
[[0;32m  OK  [0m] Started ebtables ruleset management.
[[0;32m  OK  [0m] Found device /dev/ttyS0.
[[0;32m  OK  [0m] Listening on Load/Save RF Kill Switch Status /dev/rfkill Watch.
         Mounting Arbitrary Executable File Formats File System...
[[0;32m  OK  [0m] Mounted Arbitrary Executable File Formats File System.
[[0;32m  OK  [0m] Started AppArmor initialization.
         Starting Load AppArmor profiles managed internally by snapd...
         Starting Initial cloud-init job (pre-networking)...
[[0;32m  OK  [0m] Started Load AppArmor profiles managed internally by snapd.
[   12.246114] cloud-init[569]: Cloud-init v. 23.1.2-0ubuntu0~18.04.1 running 'init-local' at Tue, 19 Sep 2023 09:06:56 +0000. Up 11.07 seconds.
[[0;32m  OK  [0m] Started Initial cloud-init job (pre-networking).
[[0;32m  OK  [0m] Reached target Network (Pre).
         Starting Network Service...
[[0;32m  OK  [0m] Started Network Service.
         Starting Wait for Network to be Configured...
         Starting Network Name Resolution...
[[0;32m  OK  [0m] Started Network Name Resolution.
[[0;32m  OK  [0m] Reached target Host and Network Name Lookups.
[[0;32m  OK  [0m] Reached target Network.
[[0;32m  OK  [0m] Started Wait for Network to be Configured.
         Starting Initial cloud-init job (metadata service crawler)...
[   15.178454] cloud-init[695]: Cloud-init v. 23.1.2-0ubuntu0~18.04.1 running 'init' at Tue, 19 Sep 2023 09:07:00 +0000. Up 14.89 seconds.
[   15.180261] cloud-init[695]: ci-info: ++++++++++++++++++++++++++++++++++++++Net device info+++++++++++++++++++++++++++++++++++++++
[   15.181934] cloud-init[695]: ci-info: +--------+-------+----------------------------+---------------+--------+-------------------+
[   15.183397] cloud-init[695]: ci-info: | Device |   Up  |          Address           |      Mask     | Scope  |     Hw-Address    |
[   15.184948] cloud-init[695]: ci-info: +--------+-------+----------------------------+---------------+--------+-------------------+
[   15.186318] cloud-init[695]: ci-info: | enp0s3 |  True |         10.0.2.15          | 255.255.255.0 | global | 02:3e:6f:b6:28:d7 |
[   15.187871] cloud-init[695]: ci-info: | enp0s3 |  True | fe80::3e:6fff:feb6:28d7/64 |       .       |  link  | 02:3e:6f:b6:28:d7 |
[   15.189600] cloud-init[695]: ci-info: | enp0s8 | False |             .              |       .       |   .    | 08:00:27:73:6a:f6 |
[   15.191211] cloud-init[695]: ci-info: |   lo   |  True |         127.0.0.1          |   255.0.0.0   |  host  |         .         |
[   15.193040] cloud-init[695]: ci-info: |   lo   |  True |          ::1/128           |       .       |  host  |         .         |
[   15.194655] cloud-init[695]: ci-info: +--------+-------+----------------------------+---------------+--------+-------------------+
[   15.196287] cloud-init[695]: ci-info: ++++++++++++++++++++++++++++Route IPv4 info+++++++++++++++++++++++++++++
[   15.208390] cloud-init[695]: ci-info: +-------+-------------+----------+-----------------+-----------+-------+
[   15.220157] cloud-init[695]: ci-info: | Route | Destination | Gateway  |     Genmask     | Interface | Flags |
[   15.221642] cloud-init[695]: ci-info: +-------+-------------+----------+-----------------+-----------+-------+
[   15.222969] cloud-init[695]: ci-info: |   0   |   0.0.0.0   | 10.0.2.2 |     0.0.0.0     |   enp0s3  |   UG  |
[   15.224414] cloud-init[695]: ci-info: |   1   |   10.0.2.0  | 0.0.0.0  |  255.255.255.0  |   enp0s3  |   U   |
[   15.225718] cloud-init[695]: ci-info: |   2   |   10.0.2.2  | 0.0.0.0  | 255.255.255.255 |   enp0s3  |   UH  |
[   15.236117] cloud-init[695]: ci-info: +-------+-------------+----------+-----------------+-----------+-------+
[   15.248602] cloud-init[695]: ci-info: +++++++++++++++++++Route IPv6 info+++++++++++++++++++
[   15.249694] cloud-init[695]: ci-info: +-------+-------------+---------+-----------+-------+
[   15.250780] cloud-init[695]: ci-info: | Route | Destination | Gateway | Interface | Flags |
[   15.252106] cloud-init[695]: ci-info: +-------+-------------+---------+-----------+-------+
[   15.264294] cloud-init[695]: ci-info: |   1   |  fe80::/64  |    ::   |   enp0s3  |   U   |
[   15.265491] cloud-init[695]: ci-info: |   3   |    local    |    ::   |   enp0s3  |   U   |
[   15.266855] cloud-init[695]: ci-info: |   4   |   ff00::/8  |    ::   |   enp0s3  |   U   |
[   15.268115] cloud-init[695]: ci-info: +-------+-------------+---------+-----------+-------+
[   17.010937] cloud-init[695]: Generating public/private rsa key pair.
[   17.011981] cloud-init[695]: Your identification has been saved in /etc/ssh/ssh_host_rsa_key.
[   17.013277] cloud-init[695]: Your public key has been saved in /etc/ssh/ssh_host_rsa_key.pub.
[   17.014496] cloud-init[695]: The key fingerprint is:
[   17.015217] cloud-init[695]: SHA256:4tFDJ0+6cB354WzoWpmPds+TMrHsRIr4BIL6s/6Yhgw root@ubuntu-bionic
[   17.016487] cloud-init[695]: The key's randomart image is:
[   17.028260] cloud-init[695]: +---[RSA 2048]----+
[   17.040250] cloud-init[695]: |                 |
[   17.041039] cloud-init[695]: |           .     |
[   17.041827] cloud-init[695]: |        o = .    |
[   17.042597] cloud-init[695]: |   .   o B * .   |
[   17.052222] cloud-init[695]: |  . . = S + *    |
[   17.064202] cloud-init[695]: |E.   o B = *.    |
[   17.076278] cloud-init[695]: |+.    o + *..o . |
[   17.088234] cloud-init[695]: |.ooo   o o.+*.o  |
[[0;32m  OK  [0m] Started Initial cloud-init job (metadata service crawler).
[   17.107100] cloud-init[695]: | o*+.   o..oo+o. |
[   17.109542] cloud-init[695]: +----[SHA256]-----+
[   17.120918] cloud-init[695]: Generating public/private dsa key pair.
[   17.121801] cloud-init[695]: Your identification has been saved in /etc/ssh/ssh_host_dsa_key.
[   17.122919] cloud-init[695]: Your public key has been saved in /etc/ssh/ssh_host_dsa_key.pub.
[   17.540823] cloud-init[695]: The key fingerprint is:
[[0;32m  OK  [0m] Reached target Network is Online.
[   17.549305] cloud-init[695]: SHA256:9Skb1sHBEaxCW3Pg+wvIaeJINalXKppzGla/rUXT46o root@ubuntu-bionic
[   17.595664] cloud-init[695]: The key's randomart image is:
[   17.602041] cloud-init[695]: +---[DSA 1024]----+
[   17.605500] cloud-init[695]: |          .++o   |
[[0;32m  OK  [0m] Reached target Remote File Systems (Pre).
[[0;32m  OK  [0m] Reached target Remote File Systems.
[   17.776562] cloud-init[695]: |        ..o.+.   |
[   17.780234] cloud-init[695]: |       . oo+o    |
[   17.781011] cloud-init[695]: |       .oo.+ o   |
         Starting Availability of block devices...
[[0;32m  OK  [0m] Reached target Cloud-config availability.
[   17.795344] [[0;32m  OK  [0m] Reached target System Initialization.
[[0;32m  OK  [0m] Started Daily Cleanup of Temporary Directories.
[[0;32m  OK  [0m] Started Ubuntu Advantage Timer for running repeated jobs.
[[0;32m  OK  [0m] Listening on cloud-init hotplug hook socket.
[[0;32m  OK  [0m] Listening on D-Bus System Message Bus Socket.
[[0;32m  OK  [0m] Listening on UUID daemon activation socket.
[[0;32m  OK  [0m] Started ACPI Events Check.
         Starting Socket activation for snappy daemon.
[[0;32m  OK  [0m] Started Message of the Day.
cloud-init         Starting LXD - unix socket.
[[0;32m  OK  [0m] Listening on ACPID Listen Socket.
[[0;32m  OK  [0m] Reached target Paths.
[[0;32m  OK  [0m] Started Daily apt download activities.
[[0;32m  OK  [0m] Started Daily apt upgrade and clean activities.
[[0;32m  OK  [0m] Started Discard unused blocks once a week.
[[0;32m  OK  [0m] Reached target Timers.
[[0;32m  OK  [0m] Listening on Open-iSCSI iscsid Socket.
[[0;32m  OK  [0m] Started Availability of block devices.
[[0;32m  OK  [0m] Listening on Socket activation for snappy daemon.
[695]: |    . + S.B +    |
[   17.820900] cloud-init[695]: [[0;32m  OK  [0m] Listening on LXD - unix socket.
[[0;32m  OK  [0m] Reached target Sockets.
[[0;32m  OK  [0m] Reached target Basic System.
|   . + * * *     |
[   17.823871] cloud-init[695]: |  o + = * + .    |
[   17.825590] cloud-init[695]: | ..=.= * . . .   |         Starting Dispatcher daemon for systemd-networkd...

[   17.827541] [[0;32m  OK  [0m] Started Deferred execution scheduler.
         Starting Virtualbox guest utils...
cloud-init[695]: |  ++. Eoo   .    |
[   17.833012] cloud-init[[0;32m  OK  [0m] Started D-Bus System Message Bus.
[695]: +----[SHA256]-----+
[   17.838567] cloud-init[695]: Generating public/private ecdsa key pair.
[   17.840589] cloud-init[695]: Your identification has been saved in /etc/ssh/ssh_host_ecdsa_key.
[   17.842068] cloud-init[695]: Your public key has been saved in /etc/ssh/ssh_host_ecdsa_key.pub.
[   17.844178] cloud-init[695]: The key fingerprint is:
[   17.845071] cloud-init[695]: SHA256:bje68QwPEQNm2x8hUCLv1z4NhkqdR18tp8mOvOfnTrw root@ubuntu-bionic
[   17.846594] cloud-init[695]: The key's randomart image is:
[   17.847554] cloud-init[695]: +---[ECDSA 256]---+
[   17.849461] cloud-init[695]: |    . *oo .      |
[   17.850303] cloud-init[695]: |     = = . .   . |
[   17.851190] cloud-init[695]: |      o + o   o o|
[   17.851964] cloud-init[695]: |     . . O o o = |
[   17.852943] cloud-init[695]: |      o S * . +  |
[   17.853585] cloud-init[695]: |     . + = + o . |
[   17.854605] cloud-init[695]: |      . * = + . o|
[   17.855501] cloud-init[695]: |       . X o ...o|
[   17.858816] cloud-init[695]: |        o.+ .o.Eo|
[   17.859856] cloud-init[695]: +----[SHA256]-----+
[   17.860821] cloud-init[695]: Generating public/private ed25519 key pair.
[   17.862014] cloud-init[695]: Your identification has been saved in /etc/ssh/ssh_host_ed25519_key.
[   17.863885] cloud-init[695]: Your public key has been saved in /etc/ssh/ssh_host_ed25519_key.pub.
[   17.865449] cloud-init[695]: The key fingerprint is:
[   17.866372] cloud-init[695]: SHA256:4BQdmZ+1U9q7CCyKHLccJvDsSFG9N/JmjkRo8TEtKxY root@ubuntu-bionic
[   17.868145] cloud-init[695]: The key's randomart image is:
[   17.869405] cloud-init[695]: +--[ED25519 256]--+
[   17.870309] cloud-init[695]: |     ..o.+       |
[   17.871231] cloud-init[695]: |    E =.=   . .  |
[   17.872128] cloud-init[695]: |   . =o* . o =   |
[   17.873039] cloud-init[695]: |  o =o*.o o + .  |
[   17.873865] cloud-init[695]: |   B o.+So   . . |
[   17.874887] cloud-init[695]: |  . = = = o   .  |
[   17.875760] cloud-init[695]: | . + O O . . . . |
[   17.876695] cloud-init[695]: |  . + = .   . .  |
[   17.878017] cloud-init[695]: |                 |
[   17.879210] cloud-init[695]: +----[SHA256]-----+
         Starting Login Service...
         Starting Permit User Sessions...
[[0;32m  OK  [0m] Started irqbalance daemon.
         Starting LXD - container startup/shutdown...
         Starting Pollinate to seed the pseudo random number generator...
         Starting System Logging Service...
         Starting Accounts Service...
[[0;32m  OK  [0m] Started FUSE filesystem for LXC.
[[0;32m  OK  [0m] Reached target Login Prompts (Pre).
         Starting LSB: automatic crash report generation...
         Starting Snap Daemon...
         Starting LSB: Record successful boot for GRUB...
[[0;32m  OK  [0m] Started Regular background program processing daemon.
[[0;32m  OK  [0m] Started System Logging Service.
[[0;32m  OK  [0m] Started Permit User Sessions.
[[0;32m  OK  [0m] Started Login Service.
         Starting Authorization Manager...
[[0;32m  OK  [0m] Started Unattended Upgrades Shutdown.
         Starting Terminate Plymouth Boot Screen...
         Starting Hold until boot process finishes up...
[[0;32m  OK  [0m] Started Hold until boot process finishes up.
[[0;32m  OK  [0m] Started Dispatcher daemon for systemd-networkd.
[[0;32m  OK  [0m] Started Serial Getty on ttyS0.
         Starting Set console scheme...
[[0;32m  OK  [0m] Started Terminate Plymouth Boot Screen.
[[0;32m  OK  [0m] Started Authorization Manager.
[[0;32m  OK  [0m] Started Accounts Service.
[[0;32m  OK  [0m] Started LSB: automatic crash report generation.
[[0;32m  OK  [0m] Started Set console scheme.
[[0;32m  OK  [0m] Created slice system-getty.slice.
[[0;32m  OK  [0m] Started Getty on tty1.
[[0;32m  OK  [0m] Reached target Login Prompts.
[[0;32m  OK  [0m] Started LSB: Record successful boot for GRUB.
[[0;32m  OK  [0m] Started LXD - container startup/shutdown.
[[0;32m  OK  [0m] Started Virtualbox guest utils.
[[0;32m  OK  [0m] Started Pollinate to seed the pseudo random number generator.
         Starting OpenBSD Secure Shell server...
[[0;32m  OK  [0m] Started OpenBSD Secure Shell server.
[[0;32m  OK  [0m] Started Snap Daemon.
         Starting Wait until snapd is fully seeded...
[[0;32m  OK  [0m] Created slice User Slice of vagrant.
         Starting User Manager for UID 1000...
[[0;32m  OK  [0m] Started Session 1 of user vagrant.
[[0;32m  OK  [0m] Started User Manager for UID 1000.
         Starting Time & Date Service...
[[0;32m  OK  [0m] Started Time & Date Service.
[[0;32m  OK  [0m] Started Wait until snapd is fully seeded.
         Starting Apply the settings specified in cloud-config...

Ubuntu 18.04.6 LTS ubuntu-bionic ttyS0

ubuntu-bionic login: [   25.201260] cloud-init[1354]: Cloud-init v. 23.1.2-0ubuntu0~18.04.1 running 'modules:config' at Tue, 19 Sep 2023 09:07:09 +0000. Up 24.06 seconds.
ci-info: no authorized SSH keys fingerprints found for user ubuntu.
<14>Sep 19 09:07:11 cloud-init: #############################################################
<14>Sep 19 09:07:11 cloud-init: -----BEGIN SSH HOST KEY FINGERPRINTS-----
<14>Sep 19 09:07:11 cloud-init: 1024 SHA256:9Skb1sHBEaxCW3Pg+wvIaeJINalXKppzGla/rUXT46o root@ubuntu-bionic (DSA)
<14>Sep 19 09:07:11 cloud-init: 256 SHA256:bje68QwPEQNm2x8hUCLv1z4NhkqdR18tp8mOvOfnTrw root@ubuntu-bionic (ECDSA)
<14>Sep 19 09:07:11 cloud-init: 256 SHA256:4BQdmZ+1U9q7CCyKHLccJvDsSFG9N/JmjkRo8TEtKxY root@ubuntu-bionic (ED25519)
<14>Sep 19 09:07:11 cloud-init: 2048 SHA256:4tFDJ0+6cB354WzoWpmPds+TMrHsRIr4BIL6s/6Yhgw root@ubuntu-bionic (RSA)
<14>Sep 19 09:07:11 cloud-init: -----END SSH HOST KEY FINGERPRINTS-----
<14>Sep 19 09:07:11 cloud-init: #############################################################
-----BEGIN SSH HOST KEY KEYS-----
ecdsa-sha2-nistp256 AAAAE2VjZHNhLXNoYTItbmlzdHAyNTYAAAAIbmlzdHAyNTYAAABBBLu9XVjEIvl1s5Eyim0VRJvFhiZzaMB8g8txksSyo3ulOl+ZovtjF163XwYhni7D9MS5Lglmbb/KZ7bTVF6He/k= root@ubuntu-bionic
ssh-ed25519 AAAAC3NzaC1lZDI1NTE5AAAAIIhDBhO373NA69zp5WFcOXbYBYL2U2ezs44EMIOV3IcR root@ubuntu-bionic
ssh-rsa AAAAB3NzaC1yc2EAAAADAQABAAABAQCxRdFV2GGH5tbQtbdK/51wcimRJjArFzZNJQg7NGux/Ilk9ix49ShnZT0v6cv01dk4EbCgKfUY77K0fhDFWdV2PUu86xeHc78oLAKzW7FTSpsmSZXH/5qlHeFXSyQ+f1vy2DzDhYG1eGbWra3lzImIUQqSrRzghq3BTS8EE8NqrqwZpceiryBo0ftj7LNmyl5CkNwGj/XQ5lPKcGbTcEQSpR1rHfYkua0YYhTi8kW3UR3d3RvROYWFVw3o9P4h+uUVrAjjK8sA0XTIqqKNTZWa2zaUQowiH3wpXzgHhLoxzI72XgVBc4jcVPRkuP6C/MhzLjEsrEnAx4BxirK3cmWn root@ubuntu-bionic
-----END SSH HOST KEY KEYS-----
[   26.639098] cloud-init[1526]: Cloud-init v. 23.1.2-0ubuntu0~18.04.1 running 'modules:final' at Tue, 19 Sep 2023 09:07:11 +0000. Up 26.23 seconds.
[   26.639244] cloud-init[1526]: Cloud-init v. 23.1.2-0ubuntu0~18.04.1 fini[[0;32m  OK  [0m] Stopped target Graphical Interface.
         Stopping Availability of block devices...
[[0;32m  OK  [0m] Closed Load/Save RF Kill Switch Status /dev/rfkill Watch.
[[0;32m  OK  [0m] Stopped target Timers.
[[0;32m  OK  [0m] Stopped Daily Cleanup of Temporary Directories.
[[0;32m  OK  [0m] Stopped Message of the Day.
[[0;32m  OK  [0m] Stopped Ubuntu Advantage Timer for running repeated jobs.
[[0;32m  OK  [0m] Stopped Discard unused blocks once a week.
         Stopping Accounts Service...
         Stopping Authorization Manager...
[[0;32m  OK  [0m] Stopped target Host and Network Name Lookups.
         Stopping User Manager for UID 1000...
[[0;32m  OK  [0m] Stopped Daily apt upgrade and clean activities.
[[0;32m  OK  [0m] Stopped target Cloud-init target.
[[0;32m  OK  [0m] Stopped Execute cloud user/final scripts.
[[0;32m  OK  [0m] Stopped target Multi-User System.
         Stopping FUSE filesystem for LXC...
         Stopping OpenBSD Secure Shell server...
         Stopping Deferred execution scheduler...
         Stopping irqbalance daemon...
         Stopping Dispatcher daemon for systemd-networkd...
         Stopping System Logging Service...
         Stopping LSB: Record successful boot for GRUB...
         Stopping LSB: automatic crash report generation...
         Stopping Regular background program processing daemon...
         Stopping Virtualbox guest utils...
         Stopping D-Bus System Message Bus...
[[0;32m  OK  [0m] Stopped target Login Prompts.
         Stopping Serial Getty on ttyS0...
         Stopping Getty on tty1...
         Stopping LXD - container startup/shutdown...
[[0;32m  OK  [0m] Stopped Apply the settings specified in cloud-config.
[[0;32m  OK  [0m] Stopped Wait until snapd is fully seeded.
[[0;32m  OK  [0m] Stopped target Cloud-config availability.
[[0;32m  OK  [0m] Stopped target Network is Online.
[[0;32m  OK  [0m] Stopped Daily apt download activities.
[[0;32m  OK  [0m] Stopped target System Time Synchronized.
         Stopping Session 7 of user vagrant.
[[0;32m  OK  [0m] Unmounted /var/lib/lxcfs.
[[0;32m  OK  [0m] Stopped Regular background program processing daemon.
[[0;32m  OK  [0m] Stopped System Logging Service.
[[0;32m  OK  [0m] Stopped Deferred execution scheduler.
[[0;32m  OK  [0m] Stopped irqbalance daemon.
[[0;32m  OK  [0m] Stopped Accounts Service.
[[0;32m  OK  [0m] Stopped Dispatcher daemon for systemd-networkd.
[[0;32m  OK  [0m] Stopped Serial Getty on ttyS0.
[[0;32m  OK  [0m] Stopped Getty on tty1.
[[0;32m  OK  [0m] Stopped Authorization Manager.
[[0;32m  OK  [0m] Stopped OpenBSD Secure Shell server.
[[0;32m  OK  [0m] Stopped User Manager for UID 1000.
[[0;32m  OK  [0m] Stopped D-Bus System Message Bus.
[[0;32m  OK  [0m] Stopped FUSE filesystem for LXC.
[[0;32m  OK  [0m] Stopped Session 7 of user vagrant.
[[0;32m  OK  [0m] Removed slice User Slice of vagrant.
         Stopping Login Service...
[[0;32m  OK  [0m] Removed slice system-getty.slice.
[[0;32m  OK  [0m] Stopped target Login Prompts (Pre).
[[0;32m  OK  [0m] Removed slice system-serial\x2dgetty.slice.
         Stopping Permit User Sessions...
[[0;32m  OK  [0m] Stopped Availability of block devices.
[[0;32m  OK  [0m] Stopped LSB: Record successful boot for GRUB.
[[0;32m  OK  [0m] Stopped LXD - container startup/shutdown.
[[0;32m  OK  [0m] Stopped Permit User Sessions.
[[0;32m  OK  [0m] Stopped target Network.
         Stopping Network Name Resolution...
[[0;32m  OK  [0m] Stopped LSB: automatic crash report generation.
[[0;32m  OK  [0m] Stopped target Remote File Systems.
[[0;32m  OK  [0m] Stopped target Remote File Systems (Pre).
[[0;32m  OK  [0m] Stopped Login Service.
[[0;32m  OK  [0m] Stopped target User and Group Name Lookups.
[[0;32m  OK  [0m] Stopped Network Name Resolution.
         Stopping Network Service...
[[0;32m  OK  [0m] Stopped Virtualbox guest utils.
[[0;32m  OK  [0m] Stopped target Basic System.
[[0;32m  OK  [0m] Stopped target Slices.
[[0;32m  OK  [0m] Removed slice User and Session Slice.
[[0;32m  OK  [0m] Stopped target Paths.
[[0;32m  OK  [0m] Stopped ACPI Events Check.
[[0;32m  OK  [0m] Stopped target Sockets.
[[0;32m  OK  [0m] Closed UUID daemon activation socket.
[[0;32m  OK  [0m] Closed LXD - unix socket.
[[0;32m  OK  [0m] Closed Syslog Socket.
[[0;32m  OK  [0m] Closed cloud-init hotplug hook socket.
[[0;32m  OK  [0m] Closed Socket activation for snappy daemon.
[[0;32m  OK  [0m] Closed Open-iSCSI iscsid Socket.
[[0;32m  OK  [0m] Closed ACPID Listen Socket.
[[0;32m  OK  [0m] Closed D-Bus System Message Bus Socket.
[[0;32m  OK  [0m] Stopped target System Initialization.
         Stopping Update UTMP about System Boot/Shutdown...
[[0;32m  OK  [0m] Stopped target Local Encrypted Volumes.
[[0;32m  OK  [0m] Stopped Forward Password Requests to Wall Directory Watch.
[[0;32m  OK  [0m] Stopped Dispatch Password Requests to Console Directory Watch.
         Stopping Load/Save Random Seed...
[[0;32m  OK  [0m] Stopped Commit a transient machine-id on disk.
[[0;32m  OK  [0m] Stopped Initial cloud-init job (metadata service crawler).
[[0;32m  OK  [0m] Stopped Network Service.
[[0;32m  OK  [0m] Stopped target Network (Pre).
[[0;32m  OK  [0m] Stopped Initial cloud-init job (pre-networking).
[[0;32m  OK  [0m] Stopped Apply Kernel Variables.
[[0;32m  OK  [0m] Stopped Load Kernel Modules.
[[0;32m  OK  [0m] Stopped Update UTMP about System Boot/Shutdown.
[[0;32m  OK  [0m] Stopped Load/Save Random Seed.
[[0;32m  OK  [0m] Stopped Create Volatile Files and Directories.
[[0;32m  OK  [0m] Stopped target Local File Systems.
         Unmounting /run/user/1000...
[[0;32m  OK  [0m] Stopped target Mounted snaps.
[[0;32m  OK  [0m] Stopped target Mounting snaps.
[[0;32m  OK  [0m] Unmounted /run/user/1000.
[[0;32m  OK  [0m] Reached target Unmount All Filesystems.
[[0;32m  OK  [0m] Stopped target Local File Systems (Pre).
[[0;32m  OK  [0m] Stopped Create Static Device Nodes in /dev.
[[0;32m  OK  [0m] Stopped Remount Root and Kernel File Systems.
         Stopping Monitoring of LVM2 mirrors…ng dmeventd or progress polling...
[[0;32m  OK  [0m] Stopped target Swap.
[[0;32m  OK  [0m] Reached target Shutdown.
[[0;32m  OK  [0m] Reached target Final Step.
         Starting Power-Off...
[  576.906445] reboot: Power down
wn.
[[0;32m  OK  [0m] Reached target Final Step.
         Starting Power-Off...
[  508.873132] reboot: Power down
